<?xml version="1.0" encoding="UTF-8"?>
<!-- Generated by org.testng.reporters.JUnitReportReporter -->
<testsuite skipped="0" hostname="SAURABHJAD03" name="testPackage.TestClass" tests="2" failures="0" timestamp="17 Sep 2021 07:57:44 GMT" time="91.796" errors="0">
  <testcase name="loginTest" time="46.026" classname="testPackage.TestClass"/>
  <testcase name="loginTest2" time="45.770" classname="testPackage.TestClass"/>
</testsuite> <!-- testPackage.TestClass -->
