<?xml version="1.0" encoding="UTF-8"?>
<!-- Generated by org.testng.reporters.JUnitReportReporter -->
<testsuite skipped="0" hostname="Monikas-MacBook-Pro.local" name="testPackage.TestClass" tests="2" failures="0" timestamp="20 Sep 2021 07:52:03 GMT" time="65.445" errors="0">
  <testcase name="loginTest2" time="32.646" classname="testPackage.TestClass"/>
  <testcase name="loginTest" time="32.799" classname="testPackage.TestClass"/>
</testsuite> <!-- testPackage.TestClass -->
